<?xml version="1.0" encoding="UTF-8"?>
<!-- Generated by org.testng.reporters.JUnitXMLReporter -->
<testsuite ignored="0" hostname="DESKTOP-6QCP0R9" failures="0" tests="8" name="Test1" time="4.6" errors="0" timestamp="2023-07-05T20:57:24 IST">
  <testcase classname="Guru99.Registerpageclass" name="@BeforeTest setup" time="4.381">
    <failure type="org.openqa.selenium.SessionNotCreatedException" message="Could not start a new session. Response code 500. Message: session not created
from no such execution context: uniqueContextId not found
  (Session info: chrome=114.0.5735.199) 
Host info: host: &amp;apos;DESKTOP-6QCP0R9&amp;apos;, ip: &amp;apos;192.168.0.102&amp;apos;
Build info: version: &amp;apos;4.10.0&amp;apos;, revision: &amp;apos;c14d967899&amp;apos;
System info: os.name: &amp;apos;Windows 10&amp;apos;, os.arch: &amp;apos;amd64&amp;apos;, os.version: &amp;apos;10.0&amp;apos;, java.version: &amp;apos;17.0.7&amp;apos;
Driver info: org.openqa.selenium.chrome.ChromeDriver
Command: [null, newSession {capabilities=[Capabilities {browserName: chrome, goog:chromeOptions: {args: [--remote-allow-origins=*], extensions: []}}]}]">
      <![CDATA[org.openqa.selenium.SessionNotCreatedException: Could not start a new session. Response code 500. Message: session not created
from no such execution context: uniqueContextId not found
  (Session info: chrome=114.0.5735.199) 
Host info: host: 'DESKTOP-6QCP0R9', ip: '192.168.0.102'
Build info: version: '4.10.0', revision: 'c14d967899'
System info: os.name: 'Windows 10', os.arch: 'amd64', os.version: '10.0', java.version: '17.0.7'
Driver info: org.openqa.selenium.chrome.ChromeDriver
Command: [null, newSession {capabilities=[Capabilities {browserName: chrome, goog:chromeOptions: {args: [--remote-allow-origins=*], extensions: []}}]}]
at org.openqa.selenium.remote.ProtocolHandshake.createSession(ProtocolHandshake.java:140)
at org.openqa.selenium.remote.ProtocolHandshake.createSession(ProtocolHandshake.java:96)
at org.openqa.selenium.remote.ProtocolHandshake.createSession(ProtocolHandshake.java:68)
at org.openqa.selenium.remote.HttpCommandExecutor.execute(HttpCommandExecutor.java:163)
at org.openqa.selenium.remote.service.DriverCommandExecutor.invokeExecute(DriverCommandExecutor.java:196)
at org.openqa.selenium.remote.service.DriverCommandExecutor.execute(DriverCommandExecutor.java:171)
at org.openqa.selenium.remote.RemoteWebDriver.execute(RemoteWebDriver.java:531)
at org.openqa.selenium.remote.RemoteWebDriver.startSession(RemoteWebDriver.java:227)
at org.openqa.selenium.remote.RemoteWebDriver.<init>(RemoteWebDriver.java:154)
at org.openqa.selenium.chromium.ChromiumDriver.<init>(ChromiumDriver.java:107)
at org.openqa.selenium.chrome.ChromeDriver.<init>(ChromeDriver.java:87)
at org.openqa.selenium.chrome.ChromeDriver.<init>(ChromeDriver.java:82)
at org.openqa.selenium.chrome.ChromeDriver.<init>(ChromeDriver.java:50)
at Tutorial6.BaseLayer.intialization(BaseLayer.java:27)
at Guru99.Registerpageclass.setup(Registerpageclass.java:23)
at java.base/java.util.concurrent.FutureTask.run(FutureTask.java:264)
at java.base/java.util.concurrent.ThreadPoolExecutor.runWorker(ThreadPoolExecutor.java:1136)
at java.base/java.util.concurrent.ThreadPoolExecutor$Worker.run(ThreadPoolExecutor.java:635)
at java.base/java.lang.Thread.run(Thread.java:833)
... Removed 15 stack frames]]>
    </failure>
  </testcase> <!-- @BeforeTest setup -->
  <testcase classname="Guru99.Registersuccestest" name="Succespageurl" time="0.0">
    <skipped/>
  </testcase> <!-- Succespageurl -->
  <testcase classname="Guru99.Registerpageclass" name="Validatecontactinfo" time="0.0">
    <skipped/>
  </testcase> <!-- Validatecontactinfo -->
  <testcase classname="Guru99.Loginpagetest" name="Validatecredentials" time="0.0">
    <skipped/>
  </testcase> <!-- Validatecredentials -->
  <testcase classname="Guru99.Registerpageclass" name="Validatemailinfo" time="0.0">
    <skipped/>
  </testcase> <!-- Validatemailinfo -->
  <testcase classname="Guru99.Loginpagetest" name="validateLoginSuccessfullpage" time="0.0">
    <skipped/>
  </testcase> <!-- validateLoginSuccessfullpage -->
  <testcase classname="Guru99.Registersuccestest" name="validatename" time="0.0">
    <skipped/>
  </testcase> <!-- validatename -->
  <testcase classname="Guru99.Registerpageclass" name="userinfo" time="0.0">
    <skipped/>
  </testcase> <!-- userinfo -->
  <testcase classname="Guru99.Registersuccestest" name="validateusername" time="0.0">
    <skipped/>
  </testcase> <!-- validateusername -->
</testsuite> <!-- Test1 -->
