<?xml version="1.0" encoding="UTF-8"?>
<!-- Generated by org.testng.reporters.JUnitXMLReporter -->
<testsuite ignored="0" hostname="DESKTOP-6QCP0R9" failures="1" tests="8" name="Test" time="29.469" errors="0" timestamp="2023-07-04T14:46:11 IST">
  <testcase classname="Guru99.Registerpageclass" name="Validatecontactinfo" time="0.661"/>
  <testcase classname="Guru99.Registerpageclass" name="Validatemailinfo" time="0.864"/>
  <testcase classname="Guru99.Registerpageclass" name="userinfo" time="2.61"/>
  <testcase classname="Guru99.Registersuccestest" name="Succespageurl" time="0.022"/>
  <testcase classname="Guru99.Registersuccestest" name="validatename" time="1.069"/>
  <testcase classname="Guru99.Registersuccestest" name="validateusername" time="0.083">
    <failure type="java.lang.AssertionError" message="expected [true] but found [false]">
      <![CDATA[java.lang.AssertionError: expected [true] but found [false]
at Guru99.Registersuccestest.validateusername(Registersuccestest.java:35)
at java.base/java.util.ArrayList.forEach(ArrayList.java:1511)
... Removed 33 stack frames]]>
    </failure>
  </testcase> <!-- validateusername -->
  <testcase classname="Guru99.Loginpagetest" name="Validatecredentials" time="2.457"/>
  <testcase classname="Guru99.Loginpagetest" name="validateLoginSuccessfullpage" time="0.017"/>
</testsuite> <!-- Test -->
